============================================================
DataSync Ingestion Pipeline
============================================================
API Base URL: http://datasync-dev-alb-101078500.us-east-1.elb.amazonaws.com/api/v1
Database URL: postgres://postgres:***@postgres:5432/ingestion
Page size: 5000 events/request

Initializing database...
Database initialized

Starting ingestion...
Starting fresh ingestion
Progress: 5,000 / 3,000,000 (0.17%) | 1200 events/sec | ETA: 41:34 | Buffer: 0
Progress: 10,000 / 3,000,000 (0.33%) | 1310 events/sec | ETA: 38:02 | Buffer: 0
Progress: 15,000 / 3,000,000 (0.50%) | 1329 events/sec | ETA: 37:25 | Buffer: 0
Progress: 20,000 / 3,000,000 (0.67%) | 1356 events/sec | ETA: 36:38 | Buffer: 0
Progress: 25,000 / 3,000,000 (0.83%) | 1370 events/sec | ETA: 36:11 | Buffer: 0
Progress: 30,000 / 3,000,000 (1.00%) | 1382 events/sec | ETA: 35:48 | Buffer: 0
Progress: 35,000 / 3,000,000 (1.17%) | 1386 events/sec | ETA: 35:39 | Buffer: 0
Progress: 40,000 / 3,000,000 (1.33%) | 1394 events/sec | ETA: 35:22 | Buffer: 0
Progress: 45,000 / 3,000,000 (1.50%) | 1399 events/sec | ETA: 35:11 | Buffer: 0
Progress: 50,000 / 3,000,000 (1.67%) | 1405 events/sec | ETA: 34:59 | Buffer: 0
Rate limited. Waiting 25281ms (not counting as retry)...
Rate limited. Waiting 4125ms (not counting as retry)...
Rate limited. Waiting 3144ms (not counting as retry)...
Rate limited. Waiting 3436ms (not counting as retry)...
Rate limited. Waiting 3122ms (not counting as retry)...
Rate limited. Waiting 3484ms (not counting as retry)...
Rate limited. Waiting 3034ms (not counting as retry)...
Rate limited. Waiting 3459ms (not counting as retry)...
